
zad2.elf:     file format elf32-avr

Sections:
Idx Name          Size      VMA       LMA       File off  Algn
  0 .data         00000024  00800100  00000828  000008bc  2**0
                  CONTENTS, ALLOC, LOAD, DATA
  1 .text         00000828  00000000  00000000  00000094  2**1
                  CONTENTS, ALLOC, LOAD, READONLY, CODE
  2 .bss          00000014  00800124  00800124  000008e0  2**0
                  ALLOC
  3 .stab         000008d0  00000000  00000000  000008e0  2**2
                  CONTENTS, READONLY, DEBUGGING
  4 .stabstr      00000ecf  00000000  00000000  000011b0  2**0
                  CONTENTS, READONLY, DEBUGGING
  5 .comment      00000011  00000000  00000000  0000207f  2**0
                  CONTENTS, READONLY
  6 .note.gnu.avr.deviceinfo 00000040  00000000  00000000  00002090  2**2
                  CONTENTS, READONLY
  7 .debug_info   000005f4  00000000  00000000  000020d0  2**0
                  CONTENTS, READONLY, DEBUGGING
  8 .debug_abbrev 000005a2  00000000  00000000  000026c4  2**0
                  CONTENTS, READONLY, DEBUGGING
  9 .debug_line   0000001a  00000000  00000000  00002c66  2**0
                  CONTENTS, READONLY, DEBUGGING
 10 .debug_str    00000208  00000000  00000000  00002c80  2**0
                  CONTENTS, READONLY, DEBUGGING

Disassembly of section .text:

00000000 <__vectors>:
   0:	0c 94 34 00 	jmp	0x68	; 0x68 <__ctors_end>
   4:	0c 94 51 00 	jmp	0xa2	; 0xa2 <__bad_interrupt>
   8:	0c 94 51 00 	jmp	0xa2	; 0xa2 <__bad_interrupt>
   c:	0c 94 51 00 	jmp	0xa2	; 0xa2 <__bad_interrupt>
  10:	0c 94 51 00 	jmp	0xa2	; 0xa2 <__bad_interrupt>
  14:	0c 94 51 00 	jmp	0xa2	; 0xa2 <__bad_interrupt>
  18:	0c 94 51 00 	jmp	0xa2	; 0xa2 <__bad_interrupt>
  1c:	0c 94 51 00 	jmp	0xa2	; 0xa2 <__bad_interrupt>
  20:	0c 94 51 00 	jmp	0xa2	; 0xa2 <__bad_interrupt>
  24:	0c 94 51 00 	jmp	0xa2	; 0xa2 <__bad_interrupt>
  28:	0c 94 51 00 	jmp	0xa2	; 0xa2 <__bad_interrupt>
  2c:	0c 94 51 00 	jmp	0xa2	; 0xa2 <__bad_interrupt>
  30:	0c 94 51 00 	jmp	0xa2	; 0xa2 <__bad_interrupt>
  34:	0c 94 51 00 	jmp	0xa2	; 0xa2 <__bad_interrupt>
  38:	0c 94 51 00 	jmp	0xa2	; 0xa2 <__bad_interrupt>
  3c:	0c 94 51 00 	jmp	0xa2	; 0xa2 <__bad_interrupt>
  40:	0c 94 51 00 	jmp	0xa2	; 0xa2 <__bad_interrupt>
  44:	0c 94 51 00 	jmp	0xa2	; 0xa2 <__bad_interrupt>
  48:	0c 94 51 00 	jmp	0xa2	; 0xa2 <__bad_interrupt>
  4c:	0c 94 51 00 	jmp	0xa2	; 0xa2 <__bad_interrupt>
  50:	0c 94 51 00 	jmp	0xa2	; 0xa2 <__bad_interrupt>
  54:	0c 94 51 00 	jmp	0xa2	; 0xa2 <__bad_interrupt>
  58:	0c 94 51 00 	jmp	0xa2	; 0xa2 <__bad_interrupt>
  5c:	0c 94 51 00 	jmp	0xa2	; 0xa2 <__bad_interrupt>
  60:	0c 94 51 00 	jmp	0xa2	; 0xa2 <__bad_interrupt>
  64:	0c 94 51 00 	jmp	0xa2	; 0xa2 <__bad_interrupt>

00000068 <__ctors_end>:
  68:	11 24       	eor	r1, r1
  6a:	1f be       	out	0x3f, r1	; 63
  6c:	cf ef       	ldi	r28, 0xFF	; 255
  6e:	d8 e0       	ldi	r29, 0x08	; 8
  70:	de bf       	out	0x3e, r29	; 62
  72:	cd bf       	out	0x3d, r28	; 61

00000074 <__do_copy_data>:
  74:	11 e0       	ldi	r17, 0x01	; 1
  76:	a0 e0       	ldi	r26, 0x00	; 0
  78:	b1 e0       	ldi	r27, 0x01	; 1
  7a:	e8 e2       	ldi	r30, 0x28	; 40
  7c:	f8 e0       	ldi	r31, 0x08	; 8
  7e:	02 c0       	rjmp	.+4      	; 0x84 <__do_copy_data+0x10>
  80:	05 90       	lpm	r0, Z+
  82:	0d 92       	st	X+, r0
  84:	a4 32       	cpi	r26, 0x24	; 36
  86:	b1 07       	cpc	r27, r17
  88:	d9 f7       	brne	.-10     	; 0x80 <__do_copy_data+0xc>

0000008a <__do_clear_bss>:
  8a:	21 e0       	ldi	r18, 0x01	; 1
  8c:	a4 e2       	ldi	r26, 0x24	; 36
  8e:	b1 e0       	ldi	r27, 0x01	; 1
  90:	01 c0       	rjmp	.+2      	; 0x94 <.do_clear_bss_start>

00000092 <.do_clear_bss_loop>:
  92:	1d 92       	st	X+, r1

00000094 <.do_clear_bss_start>:
  94:	a8 33       	cpi	r26, 0x38	; 56
  96:	b2 07       	cpc	r27, r18
  98:	e1 f7       	brne	.-8      	; 0x92 <.do_clear_bss_loop>
  9a:	0e 94 73 00 	call	0xe6	; 0xe6 <main>
  9e:	0c 94 12 04 	jmp	0x824	; 0x824 <_exit>

000000a2 <__bad_interrupt>:
  a2:	0c 94 00 00 	jmp	0	; 0x0 <__vectors>

000000a6 <uart_transmit>:

// transmisja jednego znaku
int uart_transmit(char data, FILE *stream)
{
  // czekaj aż transmiter gotowy
  while(!(UCSR0A & _BV(UDRE0)));
  a6:	90 91 c0 00 	lds	r25, 0x00C0	; 0x8000c0 <__TEXT_REGION_LENGTH__+0x7f80c0>
  aa:	95 ff       	sbrs	r25, 5
  ac:	fc cf       	rjmp	.-8      	; 0xa6 <uart_transmit>
  UDR0 = data;
  ae:	80 93 c6 00 	sts	0x00C6, r24	; 0x8000c6 <__TEXT_REGION_LENGTH__+0x7f80c6>
  return 0;
}
  b2:	80 e0       	ldi	r24, 0x00	; 0
  b4:	90 e0       	ldi	r25, 0x00	; 0
  b6:	08 95       	ret

000000b8 <uart_receive>:

// odczyt jednego znaku
int uart_receive(FILE *stream)
{
  // czekaj aż znak dostępny
  while (!(UCSR0A & _BV(RXC0)));
  b8:	80 91 c0 00 	lds	r24, 0x00C0	; 0x8000c0 <__TEXT_REGION_LENGTH__+0x7f80c0>
  bc:	87 ff       	sbrs	r24, 7
  be:	fc cf       	rjmp	.-8      	; 0xb8 <uart_receive>
  return UDR0;
  c0:	80 91 c6 00 	lds	r24, 0x00C6	; 0x8000c6 <__TEXT_REGION_LENGTH__+0x7f80c6>
}
  c4:	90 e0       	ldi	r25, 0x00	; 0
  c6:	08 95       	ret

000000c8 <uart_init>:

// inicjalizacja UART
void uart_init()
{
  // ustaw baudrate
  UBRR0 = UBRR_VALUE;
  c8:	87 e6       	ldi	r24, 0x67	; 103
  ca:	90 e0       	ldi	r25, 0x00	; 0
  cc:	90 93 c5 00 	sts	0x00C5, r25	; 0x8000c5 <__TEXT_REGION_LENGTH__+0x7f80c5>
  d0:	80 93 c4 00 	sts	0x00C4, r24	; 0x8000c4 <__TEXT_REGION_LENGTH__+0x7f80c4>
  // wyczyść rejestr UCSR0A
  UCSR0A = 0;
  d4:	10 92 c0 00 	sts	0x00C0, r1	; 0x8000c0 <__TEXT_REGION_LENGTH__+0x7f80c0>
  // włącz odbiornik i nadajnik
  UCSR0B = _BV(RXEN0) | _BV(TXEN0);
  d8:	88 e1       	ldi	r24, 0x18	; 24
  da:	80 93 c1 00 	sts	0x00C1, r24	; 0x8000c1 <__TEXT_REGION_LENGTH__+0x7f80c1>
  // ustaw format 8n1
  UCSR0C = _BV(UCSZ00) | _BV(UCSZ01);
  de:	86 e0       	ldi	r24, 0x06	; 6
  e0:	80 93 c2 00 	sts	0x00C2, r24	; 0x8000c2 <__TEXT_REGION_LENGTH__+0x7f80c2>
  e4:	08 95       	ret

000000e6 <main>:
  return UDR0;
}

FILE uart_file;

int main() {
  e6:	cf 93       	push	r28
  e8:	df 93       	push	r29
  ea:	cd b7       	in	r28, 0x3d	; 61
  ec:	de b7       	in	r29, 0x3e	; 62
  ee:	a0 97       	sbiw	r28, 0x20	; 32
  f0:	0f b6       	in	r0, 0x3f	; 63
  f2:	f8 94       	cli
  f4:	de bf       	out	0x3e, r29	; 62
  f6:	0f be       	out	0x3f, r0	; 63
  f8:	cd bf       	out	0x3d, r28	; 61

// inicjalizacja UART
void uart_init()
{
  // ustaw baudrate
  UBRR0 = UBRR_VALUE;
  fa:	87 e6       	ldi	r24, 0x67	; 103
  fc:	90 e0       	ldi	r25, 0x00	; 0
  fe:	90 93 c5 00 	sts	0x00C5, r25	; 0x8000c5 <__TEXT_REGION_LENGTH__+0x7f80c5>
 102:	80 93 c4 00 	sts	0x00C4, r24	; 0x8000c4 <__TEXT_REGION_LENGTH__+0x7f80c4>
  // wyczyść rejestr UCSR0A
  UCSR0A = 0;
 106:	10 92 c0 00 	sts	0x00C0, r1	; 0x8000c0 <__TEXT_REGION_LENGTH__+0x7f80c0>
  // włącz odbiornik i nadajnik
  UCSR0B = _BV(RXEN0) | _BV(TXEN0);
 10a:	88 e1       	ldi	r24, 0x18	; 24
 10c:	80 93 c1 00 	sts	0x00C1, r24	; 0x8000c1 <__TEXT_REGION_LENGTH__+0x7f80c1>
  // ustaw format 8n1
  UCSR0C = _BV(UCSZ00) | _BV(UCSZ01);
 110:	86 e0       	ldi	r24, 0x06	; 6
 112:	80 93 c2 00 	sts	0x00C2, r24	; 0x8000c2 <__TEXT_REGION_LENGTH__+0x7f80c2>

int main() {
	// zainicjalizuj UART
  uart_init();
  // skonfiguruj strumienie wejścia/wyjścia
  fdev_setup_stream(&uart_file, uart_transmit, uart_receive, _FDEV_SETUP_RW);
 116:	84 e2       	ldi	r24, 0x24	; 36
 118:	91 e0       	ldi	r25, 0x01	; 1
 11a:	23 e5       	ldi	r18, 0x53	; 83
 11c:	30 e0       	ldi	r19, 0x00	; 0
 11e:	30 93 2d 01 	sts	0x012D, r19	; 0x80012d <__data_end+0x9>
 122:	20 93 2c 01 	sts	0x012C, r18	; 0x80012c <__data_end+0x8>
 126:	2c e5       	ldi	r18, 0x5C	; 92
 128:	30 e0       	ldi	r19, 0x00	; 0
 12a:	30 93 2f 01 	sts	0x012F, r19	; 0x80012f <__data_end+0xb>
 12e:	20 93 2e 01 	sts	0x012E, r18	; 0x80012e <__data_end+0xa>
 132:	23 e0       	ldi	r18, 0x03	; 3
 134:	20 93 27 01 	sts	0x0127, r18	; 0x800127 <__data_end+0x3>
 138:	10 92 31 01 	sts	0x0131, r1	; 0x800131 <__data_end+0xd>
 13c:	10 92 30 01 	sts	0x0130, r1	; 0x800130 <__data_end+0xc>
  stdin = stdout = stderr = &uart_file;
 140:	90 93 37 01 	sts	0x0137, r25	; 0x800137 <__iob+0x5>
 144:	80 93 36 01 	sts	0x0136, r24	; 0x800136 <__iob+0x4>
 148:	90 93 35 01 	sts	0x0135, r25	; 0x800135 <__iob+0x3>
 14c:	80 93 34 01 	sts	0x0134, r24	; 0x800134 <__iob+0x2>
 150:	90 93 33 01 	sts	0x0133, r25	; 0x800133 <__iob+0x1>
 154:	80 93 32 01 	sts	0x0132, r24	; 0x800132 <__iob>

  BTN_DDR &= ~_BV(BTN);
 158:	52 98       	cbi	0x0a, 2	; 10
  BTN_PORT |= _BV(BTN);
 15a:	5a 9a       	sbi	0x0b, 2	; 11
  LED_DDR |= _BV(LED);
 15c:	24 9a       	sbi	0x04, 4	; 4
  char t[] = {'!', '!', 'T', 'E', 'M', 'N', 'A', 'I', 'O', 'G', 'K','D', 'W', 'R','U', 'S', '!', '!', 'Q', 'Z', 'Y', 'C', 'X', 'B', 'J', 'P', '!', 'L', '!', 'F', 'V', 'H'}; 
 15e:	80 e2       	ldi	r24, 0x20	; 32
 160:	e0 e0       	ldi	r30, 0x00	; 0
 162:	f1 e0       	ldi	r31, 0x01	; 1
 164:	de 01       	movw	r26, r28
 166:	11 96       	adiw	r26, 0x01	; 1
 168:	01 90       	ld	r0, Z+
 16a:	0d 92       	st	X+, r0
 16c:	8a 95       	dec	r24
 16e:	e1 f7       	brne	.-8      	; 0x168 <main+0x82>
  uint16_t i = 1;
 170:	21 e0       	ldi	r18, 0x01	; 1
 172:	30 e0       	ldi	r19, 0x00	; 0
      if(ms>3*UNIT) LED_PORT |= _BV(LED);
      if(ms>7*UNIT) break;
    }
    LED_PORT &= ~_BV(LED);
    if(ms > 7*UNIT){
      printf("%c ", t[i]);
 174:	00 e2       	ldi	r16, 0x20	; 32
 176:	11 e0       	ldi	r17, 0x01	; 1
  LED_DDR |= _BV(LED);
  char t[] = {'!', '!', 'T', 'E', 'M', 'N', 'A', 'I', 'O', 'G', 'K','D', 'W', 'R','U', 'S', '!', '!', 'Q', 'Z', 'Y', 'C', 'X', 'B', 'J', 'P', '!', 'L', '!', 'F', 'V', 'H'}; 
  uint16_t i = 1;
  while (1) {
    //printf("foo\r\n");
    uint32_t ms = 0;
 178:	80 e0       	ldi	r24, 0x00	; 0
 17a:	90 e0       	ldi	r25, 0x00	; 0
 17c:	dc 01       	movw	r26, r24
    while (!(BTN_PIN & _BV(BTN))){
 17e:	4a 99       	sbic	0x09, 2	; 9
 180:	12 c0       	rjmp	.+36     	; 0x1a6 <main+0xc0>
      ms++;
 182:	01 96       	adiw	r24, 0x01	; 1
 184:	a1 1d       	adc	r26, r1
 186:	b1 1d       	adc	r27, r1
	#else
		//round up by default
		__ticks_dc = (uint32_t)(ceil(fabs(__tmp)));
	#endif

	__builtin_avr_delay_cycles(__ticks_dc);
 188:	ef e9       	ldi	r30, 0x9F	; 159
 18a:	ff e0       	ldi	r31, 0x0F	; 15
 18c:	31 97       	sbiw	r30, 0x01	; 1
 18e:	f1 f7       	brne	.-4      	; 0x18c <main+0xa6>
 190:	00 c0       	rjmp	.+0      	; 0x192 <main+0xac>
 192:	00 00       	nop
      _delay_ms(1);
      if(ms>3*UNIT) LED_PORT |= _BV(LED);
 194:	8d 32       	cpi	r24, 0x2D	; 45
 196:	f1 e0       	ldi	r31, 0x01	; 1
 198:	9f 07       	cpc	r25, r31
 19a:	a1 05       	cpc	r26, r1
 19c:	b1 05       	cpc	r27, r1
 19e:	78 f3       	brcs	.-34     	; 0x17e <main+0x98>
 1a0:	2c 9a       	sbi	0x05, 4	; 5
  char t[] = {'!', '!', 'T', 'E', 'M', 'N', 'A', 'I', 'O', 'G', 'K','D', 'W', 'R','U', 'S', '!', '!', 'Q', 'Z', 'Y', 'C', 'X', 'B', 'J', 'P', '!', 'L', '!', 'F', 'V', 'H'}; 
  uint16_t i = 1;
  while (1) {
    //printf("foo\r\n");
    uint32_t ms = 0;
    while (!(BTN_PIN & _BV(BTN))){
 1a2:	4a 9b       	sbis	0x09, 2	; 9
 1a4:	ee cf       	rjmp	.-36     	; 0x182 <main+0x9c>
      ms++;
      _delay_ms(1);
      if(ms>3*UNIT) LED_PORT |= _BV(LED);
    }
    LED_PORT &= ~_BV(LED);
 1a6:	2c 98       	cbi	0x05, 4	; 5
    if(ms > 3*UNIT) i = i*2;
 1a8:	22 0f       	add	r18, r18
 1aa:	33 1f       	adc	r19, r19
 1ac:	8d 32       	cpi	r24, 0x2D	; 45
 1ae:	91 40       	sbci	r25, 0x01	; 1
 1b0:	a1 05       	cpc	r26, r1
 1b2:	b1 05       	cpc	r27, r1
 1b4:	10 f4       	brcc	.+4      	; 0x1ba <main+0xd4>
    else i = i*2 + 1;
 1b6:	2f 5f       	subi	r18, 0xFF	; 255
 1b8:	3f 4f       	sbci	r19, 0xFF	; 255
 1ba:	8f e9       	ldi	r24, 0x9F	; 159
 1bc:	9f e0       	ldi	r25, 0x0F	; 15
 1be:	01 97       	sbiw	r24, 0x01	; 1
 1c0:	f1 f7       	brne	.-4      	; 0x1be <main+0xd8>
 1c2:	00 c0       	rjmp	.+0      	; 0x1c4 <main+0xde>
 1c4:	00 00       	nop
    _delay_ms(1);
    ms = 0; 
 1c6:	80 e0       	ldi	r24, 0x00	; 0
 1c8:	90 e0       	ldi	r25, 0x00	; 0
 1ca:	dc 01       	movw	r26, r24
    while (BTN_PIN & _BV(BTN)){
 1cc:	4a 9b       	sbis	0x09, 2	; 9
 1ce:	2f c0       	rjmp	.+94     	; 0x22e <main+0x148>
      ms++;
 1d0:	01 96       	adiw	r24, 0x01	; 1
 1d2:	a1 1d       	adc	r26, r1
 1d4:	b1 1d       	adc	r27, r1
 1d6:	ef e9       	ldi	r30, 0x9F	; 159
 1d8:	ff e0       	ldi	r31, 0x0F	; 15
 1da:	31 97       	sbiw	r30, 0x01	; 1
 1dc:	f1 f7       	brne	.-4      	; 0x1da <main+0xf4>
 1de:	00 c0       	rjmp	.+0      	; 0x1e0 <main+0xfa>
 1e0:	00 00       	nop
      _delay_ms(1);
      if(ms>3*UNIT) LED_PORT |= _BV(LED);
 1e2:	8d 32       	cpi	r24, 0x2D	; 45
 1e4:	f1 e0       	ldi	r31, 0x01	; 1
 1e6:	9f 07       	cpc	r25, r31
 1e8:	a1 05       	cpc	r26, r1
 1ea:	b1 05       	cpc	r27, r1
 1ec:	78 f3       	brcs	.-34     	; 0x1cc <main+0xe6>
 1ee:	2c 9a       	sbi	0x05, 4	; 5
      if(ms>7*UNIT) break;
 1f0:	8d 3b       	cpi	r24, 0xBD	; 189
 1f2:	42 e0       	ldi	r20, 0x02	; 2
 1f4:	94 07       	cpc	r25, r20
 1f6:	a1 05       	cpc	r26, r1
 1f8:	b1 05       	cpc	r27, r1
 1fa:	41 f7       	brne	.-48     	; 0x1cc <main+0xe6>
    }
    LED_PORT &= ~_BV(LED);
 1fc:	2c 98       	cbi	0x05, 4	; 5
    if(ms > 7*UNIT){
      printf("%c ", t[i]);
 1fe:	e1 e0       	ldi	r30, 0x01	; 1
 200:	f0 e0       	ldi	r31, 0x00	; 0
 202:	ec 0f       	add	r30, r28
 204:	fd 1f       	adc	r31, r29
 206:	e2 0f       	add	r30, r18
 208:	f3 1f       	adc	r31, r19
 20a:	80 81       	ld	r24, Z
 20c:	28 2f       	mov	r18, r24
 20e:	08 2e       	mov	r0, r24
 210:	00 0c       	add	r0, r0
 212:	33 0b       	sbc	r19, r19
 214:	3f 93       	push	r19
 216:	8f 93       	push	r24
 218:	1f 93       	push	r17
 21a:	0f 93       	push	r16
 21c:	0e 94 2d 01 	call	0x25a	; 0x25a <printf>
 220:	0f 90       	pop	r0
 222:	0f 90       	pop	r0
 224:	0f 90       	pop	r0
 226:	0f 90       	pop	r0
      i = 1;
 228:	21 e0       	ldi	r18, 0x01	; 1
 22a:	30 e0       	ldi	r19, 0x00	; 0
 22c:	a5 cf       	rjmp	.-182    	; 0x178 <main+0x92>
      ms++;
      _delay_ms(1);
      if(ms>3*UNIT) LED_PORT |= _BV(LED);
      if(ms>7*UNIT) break;
    }
    LED_PORT &= ~_BV(LED);
 22e:	2c 98       	cbi	0x05, 4	; 5
    if(ms > 7*UNIT){
      printf("%c ", t[i]);
      i = 1;
    }else if(ms > 3*UNIT){
 230:	8d 32       	cpi	r24, 0x2D	; 45
 232:	91 40       	sbci	r25, 0x01	; 1
 234:	a1 05       	cpc	r26, r1
 236:	b1 05       	cpc	r27, r1
 238:	08 f4       	brcc	.+2      	; 0x23c <main+0x156>
 23a:	9e cf       	rjmp	.-196    	; 0x178 <main+0x92>
      printf("%c", t[i]);
 23c:	e1 e0       	ldi	r30, 0x01	; 1
 23e:	f0 e0       	ldi	r31, 0x00	; 0
 240:	ec 0f       	add	r30, r28
 242:	fd 1f       	adc	r31, r29
 244:	e2 0f       	add	r30, r18
 246:	f3 1f       	adc	r31, r19
 248:	80 81       	ld	r24, Z
 24a:	08 2e       	mov	r0, r24
 24c:	00 0c       	add	r0, r0
 24e:	99 0b       	sbc	r25, r25
 250:	0e 94 43 01 	call	0x286	; 0x286 <putchar>
      i = 1;
 254:	21 e0       	ldi	r18, 0x01	; 1
 256:	30 e0       	ldi	r19, 0x00	; 0
 258:	8f cf       	rjmp	.-226    	; 0x178 <main+0x92>

0000025a <printf>:
 25a:	a0 e0       	ldi	r26, 0x00	; 0
 25c:	b0 e0       	ldi	r27, 0x00	; 0
 25e:	e3 e3       	ldi	r30, 0x33	; 51
 260:	f1 e0       	ldi	r31, 0x01	; 1
 262:	0c 94 eb 03 	jmp	0x7d6	; 0x7d6 <__prologue_saves__+0x20>
 266:	ae 01       	movw	r20, r28
 268:	4b 5f       	subi	r20, 0xFB	; 251
 26a:	5f 4f       	sbci	r21, 0xFF	; 255
 26c:	fa 01       	movw	r30, r20
 26e:	61 91       	ld	r22, Z+
 270:	71 91       	ld	r23, Z+
 272:	af 01       	movw	r20, r30
 274:	80 91 34 01 	lds	r24, 0x0134	; 0x800134 <__iob+0x2>
 278:	90 91 35 01 	lds	r25, 0x0135	; 0x800135 <__iob+0x3>
 27c:	0e 94 4a 01 	call	0x294	; 0x294 <vfprintf>
 280:	e2 e0       	ldi	r30, 0x02	; 2
 282:	0c 94 07 04 	jmp	0x80e	; 0x80e <__DATA_REGION_LENGTH__+0xe>

00000286 <putchar>:
 286:	60 91 34 01 	lds	r22, 0x0134	; 0x800134 <__iob+0x2>
 28a:	70 91 35 01 	lds	r23, 0x0135	; 0x800135 <__iob+0x3>
 28e:	0e 94 41 03 	call	0x682	; 0x682 <fputc>
 292:	08 95       	ret

00000294 <vfprintf>:
 294:	ab e0       	ldi	r26, 0x0B	; 11
 296:	b0 e0       	ldi	r27, 0x00	; 0
 298:	e0 e5       	ldi	r30, 0x50	; 80
 29a:	f1 e0       	ldi	r31, 0x01	; 1
 29c:	0c 94 db 03 	jmp	0x7b6	; 0x7b6 <__prologue_saves__>
 2a0:	6c 01       	movw	r12, r24
 2a2:	7b 01       	movw	r14, r22
 2a4:	8a 01       	movw	r16, r20
 2a6:	fc 01       	movw	r30, r24
 2a8:	17 82       	std	Z+7, r1	; 0x07
 2aa:	16 82       	std	Z+6, r1	; 0x06
 2ac:	83 81       	ldd	r24, Z+3	; 0x03
 2ae:	81 ff       	sbrs	r24, 1
 2b0:	cc c1       	rjmp	.+920    	; 0x64a <__EEPROM_REGION_LENGTH__+0x24a>
 2b2:	ce 01       	movw	r24, r28
 2b4:	01 96       	adiw	r24, 0x01	; 1
 2b6:	3c 01       	movw	r6, r24
 2b8:	f6 01       	movw	r30, r12
 2ba:	93 81       	ldd	r25, Z+3	; 0x03
 2bc:	f7 01       	movw	r30, r14
 2be:	93 fd       	sbrc	r25, 3
 2c0:	85 91       	lpm	r24, Z+
 2c2:	93 ff       	sbrs	r25, 3
 2c4:	81 91       	ld	r24, Z+
 2c6:	7f 01       	movw	r14, r30
 2c8:	88 23       	and	r24, r24
 2ca:	09 f4       	brne	.+2      	; 0x2ce <vfprintf+0x3a>
 2cc:	ba c1       	rjmp	.+884    	; 0x642 <__EEPROM_REGION_LENGTH__+0x242>
 2ce:	85 32       	cpi	r24, 0x25	; 37
 2d0:	39 f4       	brne	.+14     	; 0x2e0 <vfprintf+0x4c>
 2d2:	93 fd       	sbrc	r25, 3
 2d4:	85 91       	lpm	r24, Z+
 2d6:	93 ff       	sbrs	r25, 3
 2d8:	81 91       	ld	r24, Z+
 2da:	7f 01       	movw	r14, r30
 2dc:	85 32       	cpi	r24, 0x25	; 37
 2de:	29 f4       	brne	.+10     	; 0x2ea <vfprintf+0x56>
 2e0:	b6 01       	movw	r22, r12
 2e2:	90 e0       	ldi	r25, 0x00	; 0
 2e4:	0e 94 41 03 	call	0x682	; 0x682 <fputc>
 2e8:	e7 cf       	rjmp	.-50     	; 0x2b8 <vfprintf+0x24>
 2ea:	91 2c       	mov	r9, r1
 2ec:	21 2c       	mov	r2, r1
 2ee:	31 2c       	mov	r3, r1
 2f0:	ff e1       	ldi	r31, 0x1F	; 31
 2f2:	f3 15       	cp	r31, r3
 2f4:	d8 f0       	brcs	.+54     	; 0x32c <vfprintf+0x98>
 2f6:	8b 32       	cpi	r24, 0x2B	; 43
 2f8:	79 f0       	breq	.+30     	; 0x318 <vfprintf+0x84>
 2fa:	38 f4       	brcc	.+14     	; 0x30a <vfprintf+0x76>
 2fc:	80 32       	cpi	r24, 0x20	; 32
 2fe:	79 f0       	breq	.+30     	; 0x31e <vfprintf+0x8a>
 300:	83 32       	cpi	r24, 0x23	; 35
 302:	a1 f4       	brne	.+40     	; 0x32c <vfprintf+0x98>
 304:	23 2d       	mov	r18, r3
 306:	20 61       	ori	r18, 0x10	; 16
 308:	1d c0       	rjmp	.+58     	; 0x344 <vfprintf+0xb0>
 30a:	8d 32       	cpi	r24, 0x2D	; 45
 30c:	61 f0       	breq	.+24     	; 0x326 <vfprintf+0x92>
 30e:	80 33       	cpi	r24, 0x30	; 48
 310:	69 f4       	brne	.+26     	; 0x32c <vfprintf+0x98>
 312:	23 2d       	mov	r18, r3
 314:	21 60       	ori	r18, 0x01	; 1
 316:	16 c0       	rjmp	.+44     	; 0x344 <vfprintf+0xb0>
 318:	83 2d       	mov	r24, r3
 31a:	82 60       	ori	r24, 0x02	; 2
 31c:	38 2e       	mov	r3, r24
 31e:	e3 2d       	mov	r30, r3
 320:	e4 60       	ori	r30, 0x04	; 4
 322:	3e 2e       	mov	r3, r30
 324:	2a c0       	rjmp	.+84     	; 0x37a <vfprintf+0xe6>
 326:	f3 2d       	mov	r31, r3
 328:	f8 60       	ori	r31, 0x08	; 8
 32a:	1d c0       	rjmp	.+58     	; 0x366 <vfprintf+0xd2>
 32c:	37 fc       	sbrc	r3, 7
 32e:	2d c0       	rjmp	.+90     	; 0x38a <vfprintf+0xf6>
 330:	20 ed       	ldi	r18, 0xD0	; 208
 332:	28 0f       	add	r18, r24
 334:	2a 30       	cpi	r18, 0x0A	; 10
 336:	40 f0       	brcs	.+16     	; 0x348 <vfprintf+0xb4>
 338:	8e 32       	cpi	r24, 0x2E	; 46
 33a:	b9 f4       	brne	.+46     	; 0x36a <vfprintf+0xd6>
 33c:	36 fc       	sbrc	r3, 6
 33e:	81 c1       	rjmp	.+770    	; 0x642 <__EEPROM_REGION_LENGTH__+0x242>
 340:	23 2d       	mov	r18, r3
 342:	20 64       	ori	r18, 0x40	; 64
 344:	32 2e       	mov	r3, r18
 346:	19 c0       	rjmp	.+50     	; 0x37a <vfprintf+0xe6>
 348:	36 fe       	sbrs	r3, 6
 34a:	06 c0       	rjmp	.+12     	; 0x358 <vfprintf+0xc4>
 34c:	8a e0       	ldi	r24, 0x0A	; 10
 34e:	98 9e       	mul	r9, r24
 350:	20 0d       	add	r18, r0
 352:	11 24       	eor	r1, r1
 354:	92 2e       	mov	r9, r18
 356:	11 c0       	rjmp	.+34     	; 0x37a <vfprintf+0xe6>
 358:	ea e0       	ldi	r30, 0x0A	; 10
 35a:	2e 9e       	mul	r2, r30
 35c:	20 0d       	add	r18, r0
 35e:	11 24       	eor	r1, r1
 360:	22 2e       	mov	r2, r18
 362:	f3 2d       	mov	r31, r3
 364:	f0 62       	ori	r31, 0x20	; 32
 366:	3f 2e       	mov	r3, r31
 368:	08 c0       	rjmp	.+16     	; 0x37a <vfprintf+0xe6>
 36a:	8c 36       	cpi	r24, 0x6C	; 108
 36c:	21 f4       	brne	.+8      	; 0x376 <vfprintf+0xe2>
 36e:	83 2d       	mov	r24, r3
 370:	80 68       	ori	r24, 0x80	; 128
 372:	38 2e       	mov	r3, r24
 374:	02 c0       	rjmp	.+4      	; 0x37a <vfprintf+0xe6>
 376:	88 36       	cpi	r24, 0x68	; 104
 378:	41 f4       	brne	.+16     	; 0x38a <vfprintf+0xf6>
 37a:	f7 01       	movw	r30, r14
 37c:	93 fd       	sbrc	r25, 3
 37e:	85 91       	lpm	r24, Z+
 380:	93 ff       	sbrs	r25, 3
 382:	81 91       	ld	r24, Z+
 384:	7f 01       	movw	r14, r30
 386:	81 11       	cpse	r24, r1
 388:	b3 cf       	rjmp	.-154    	; 0x2f0 <vfprintf+0x5c>
 38a:	98 2f       	mov	r25, r24
 38c:	9f 7d       	andi	r25, 0xDF	; 223
 38e:	95 54       	subi	r25, 0x45	; 69
 390:	93 30       	cpi	r25, 0x03	; 3
 392:	28 f4       	brcc	.+10     	; 0x39e <vfprintf+0x10a>
 394:	0c 5f       	subi	r16, 0xFC	; 252
 396:	1f 4f       	sbci	r17, 0xFF	; 255
 398:	9f e3       	ldi	r25, 0x3F	; 63
 39a:	99 83       	std	Y+1, r25	; 0x01
 39c:	0d c0       	rjmp	.+26     	; 0x3b8 <vfprintf+0x124>
 39e:	83 36       	cpi	r24, 0x63	; 99
 3a0:	31 f0       	breq	.+12     	; 0x3ae <vfprintf+0x11a>
 3a2:	83 37       	cpi	r24, 0x73	; 115
 3a4:	71 f0       	breq	.+28     	; 0x3c2 <vfprintf+0x12e>
 3a6:	83 35       	cpi	r24, 0x53	; 83
 3a8:	09 f0       	breq	.+2      	; 0x3ac <vfprintf+0x118>
 3aa:	59 c0       	rjmp	.+178    	; 0x45e <__EEPROM_REGION_LENGTH__+0x5e>
 3ac:	21 c0       	rjmp	.+66     	; 0x3f0 <vfprintf+0x15c>
 3ae:	f8 01       	movw	r30, r16
 3b0:	80 81       	ld	r24, Z
 3b2:	89 83       	std	Y+1, r24	; 0x01
 3b4:	0e 5f       	subi	r16, 0xFE	; 254
 3b6:	1f 4f       	sbci	r17, 0xFF	; 255
 3b8:	88 24       	eor	r8, r8
 3ba:	83 94       	inc	r8
 3bc:	91 2c       	mov	r9, r1
 3be:	53 01       	movw	r10, r6
 3c0:	13 c0       	rjmp	.+38     	; 0x3e8 <vfprintf+0x154>
 3c2:	28 01       	movw	r4, r16
 3c4:	f2 e0       	ldi	r31, 0x02	; 2
 3c6:	4f 0e       	add	r4, r31
 3c8:	51 1c       	adc	r5, r1
 3ca:	f8 01       	movw	r30, r16
 3cc:	a0 80       	ld	r10, Z
 3ce:	b1 80       	ldd	r11, Z+1	; 0x01
 3d0:	36 fe       	sbrs	r3, 6
 3d2:	03 c0       	rjmp	.+6      	; 0x3da <vfprintf+0x146>
 3d4:	69 2d       	mov	r22, r9
 3d6:	70 e0       	ldi	r23, 0x00	; 0
 3d8:	02 c0       	rjmp	.+4      	; 0x3de <vfprintf+0x14a>
 3da:	6f ef       	ldi	r22, 0xFF	; 255
 3dc:	7f ef       	ldi	r23, 0xFF	; 255
 3de:	c5 01       	movw	r24, r10
 3e0:	0e 94 36 03 	call	0x66c	; 0x66c <strnlen>
 3e4:	4c 01       	movw	r8, r24
 3e6:	82 01       	movw	r16, r4
 3e8:	f3 2d       	mov	r31, r3
 3ea:	ff 77       	andi	r31, 0x7F	; 127
 3ec:	3f 2e       	mov	r3, r31
 3ee:	16 c0       	rjmp	.+44     	; 0x41c <__EEPROM_REGION_LENGTH__+0x1c>
 3f0:	28 01       	movw	r4, r16
 3f2:	22 e0       	ldi	r18, 0x02	; 2
 3f4:	42 0e       	add	r4, r18
 3f6:	51 1c       	adc	r5, r1
 3f8:	f8 01       	movw	r30, r16
 3fa:	a0 80       	ld	r10, Z
 3fc:	b1 80       	ldd	r11, Z+1	; 0x01
 3fe:	36 fe       	sbrs	r3, 6
 400:	03 c0       	rjmp	.+6      	; 0x408 <__EEPROM_REGION_LENGTH__+0x8>
 402:	69 2d       	mov	r22, r9
 404:	70 e0       	ldi	r23, 0x00	; 0
 406:	02 c0       	rjmp	.+4      	; 0x40c <__EEPROM_REGION_LENGTH__+0xc>
 408:	6f ef       	ldi	r22, 0xFF	; 255
 40a:	7f ef       	ldi	r23, 0xFF	; 255
 40c:	c5 01       	movw	r24, r10
 40e:	0e 94 2b 03 	call	0x656	; 0x656 <strnlen_P>
 412:	4c 01       	movw	r8, r24
 414:	f3 2d       	mov	r31, r3
 416:	f0 68       	ori	r31, 0x80	; 128
 418:	3f 2e       	mov	r3, r31
 41a:	82 01       	movw	r16, r4
 41c:	33 fc       	sbrc	r3, 3
 41e:	1b c0       	rjmp	.+54     	; 0x456 <__EEPROM_REGION_LENGTH__+0x56>
 420:	82 2d       	mov	r24, r2
 422:	90 e0       	ldi	r25, 0x00	; 0
 424:	88 16       	cp	r8, r24
 426:	99 06       	cpc	r9, r25
 428:	b0 f4       	brcc	.+44     	; 0x456 <__EEPROM_REGION_LENGTH__+0x56>
 42a:	b6 01       	movw	r22, r12
 42c:	80 e2       	ldi	r24, 0x20	; 32
 42e:	90 e0       	ldi	r25, 0x00	; 0
 430:	0e 94 41 03 	call	0x682	; 0x682 <fputc>
 434:	2a 94       	dec	r2
 436:	f4 cf       	rjmp	.-24     	; 0x420 <__EEPROM_REGION_LENGTH__+0x20>
 438:	f5 01       	movw	r30, r10
 43a:	37 fc       	sbrc	r3, 7
 43c:	85 91       	lpm	r24, Z+
 43e:	37 fe       	sbrs	r3, 7
 440:	81 91       	ld	r24, Z+
 442:	5f 01       	movw	r10, r30
 444:	b6 01       	movw	r22, r12
 446:	90 e0       	ldi	r25, 0x00	; 0
 448:	0e 94 41 03 	call	0x682	; 0x682 <fputc>
 44c:	21 10       	cpse	r2, r1
 44e:	2a 94       	dec	r2
 450:	21 e0       	ldi	r18, 0x01	; 1
 452:	82 1a       	sub	r8, r18
 454:	91 08       	sbc	r9, r1
 456:	81 14       	cp	r8, r1
 458:	91 04       	cpc	r9, r1
 45a:	71 f7       	brne	.-36     	; 0x438 <__EEPROM_REGION_LENGTH__+0x38>
 45c:	e8 c0       	rjmp	.+464    	; 0x62e <__EEPROM_REGION_LENGTH__+0x22e>
 45e:	84 36       	cpi	r24, 0x64	; 100
 460:	11 f0       	breq	.+4      	; 0x466 <__EEPROM_REGION_LENGTH__+0x66>
 462:	89 36       	cpi	r24, 0x69	; 105
 464:	41 f5       	brne	.+80     	; 0x4b6 <__EEPROM_REGION_LENGTH__+0xb6>
 466:	f8 01       	movw	r30, r16
 468:	37 fe       	sbrs	r3, 7
 46a:	07 c0       	rjmp	.+14     	; 0x47a <__EEPROM_REGION_LENGTH__+0x7a>
 46c:	60 81       	ld	r22, Z
 46e:	71 81       	ldd	r23, Z+1	; 0x01
 470:	82 81       	ldd	r24, Z+2	; 0x02
 472:	93 81       	ldd	r25, Z+3	; 0x03
 474:	0c 5f       	subi	r16, 0xFC	; 252
 476:	1f 4f       	sbci	r17, 0xFF	; 255
 478:	08 c0       	rjmp	.+16     	; 0x48a <__EEPROM_REGION_LENGTH__+0x8a>
 47a:	60 81       	ld	r22, Z
 47c:	71 81       	ldd	r23, Z+1	; 0x01
 47e:	07 2e       	mov	r0, r23
 480:	00 0c       	add	r0, r0
 482:	88 0b       	sbc	r24, r24
 484:	99 0b       	sbc	r25, r25
 486:	0e 5f       	subi	r16, 0xFE	; 254
 488:	1f 4f       	sbci	r17, 0xFF	; 255
 48a:	f3 2d       	mov	r31, r3
 48c:	ff 76       	andi	r31, 0x6F	; 111
 48e:	3f 2e       	mov	r3, r31
 490:	97 ff       	sbrs	r25, 7
 492:	09 c0       	rjmp	.+18     	; 0x4a6 <__EEPROM_REGION_LENGTH__+0xa6>
 494:	90 95       	com	r25
 496:	80 95       	com	r24
 498:	70 95       	com	r23
 49a:	61 95       	neg	r22
 49c:	7f 4f       	sbci	r23, 0xFF	; 255
 49e:	8f 4f       	sbci	r24, 0xFF	; 255
 4a0:	9f 4f       	sbci	r25, 0xFF	; 255
 4a2:	f0 68       	ori	r31, 0x80	; 128
 4a4:	3f 2e       	mov	r3, r31
 4a6:	2a e0       	ldi	r18, 0x0A	; 10
 4a8:	30 e0       	ldi	r19, 0x00	; 0
 4aa:	a3 01       	movw	r20, r6
 4ac:	0e 94 7d 03 	call	0x6fa	; 0x6fa <__ultoa_invert>
 4b0:	88 2e       	mov	r8, r24
 4b2:	86 18       	sub	r8, r6
 4b4:	45 c0       	rjmp	.+138    	; 0x540 <__EEPROM_REGION_LENGTH__+0x140>
 4b6:	85 37       	cpi	r24, 0x75	; 117
 4b8:	31 f4       	brne	.+12     	; 0x4c6 <__EEPROM_REGION_LENGTH__+0xc6>
 4ba:	23 2d       	mov	r18, r3
 4bc:	2f 7e       	andi	r18, 0xEF	; 239
 4be:	b2 2e       	mov	r11, r18
 4c0:	2a e0       	ldi	r18, 0x0A	; 10
 4c2:	30 e0       	ldi	r19, 0x00	; 0
 4c4:	25 c0       	rjmp	.+74     	; 0x510 <__EEPROM_REGION_LENGTH__+0x110>
 4c6:	93 2d       	mov	r25, r3
 4c8:	99 7f       	andi	r25, 0xF9	; 249
 4ca:	b9 2e       	mov	r11, r25
 4cc:	8f 36       	cpi	r24, 0x6F	; 111
 4ce:	c1 f0       	breq	.+48     	; 0x500 <__EEPROM_REGION_LENGTH__+0x100>
 4d0:	18 f4       	brcc	.+6      	; 0x4d8 <__EEPROM_REGION_LENGTH__+0xd8>
 4d2:	88 35       	cpi	r24, 0x58	; 88
 4d4:	79 f0       	breq	.+30     	; 0x4f4 <__EEPROM_REGION_LENGTH__+0xf4>
 4d6:	b5 c0       	rjmp	.+362    	; 0x642 <__EEPROM_REGION_LENGTH__+0x242>
 4d8:	80 37       	cpi	r24, 0x70	; 112
 4da:	19 f0       	breq	.+6      	; 0x4e2 <__EEPROM_REGION_LENGTH__+0xe2>
 4dc:	88 37       	cpi	r24, 0x78	; 120
 4de:	21 f0       	breq	.+8      	; 0x4e8 <__EEPROM_REGION_LENGTH__+0xe8>
 4e0:	b0 c0       	rjmp	.+352    	; 0x642 <__EEPROM_REGION_LENGTH__+0x242>
 4e2:	e9 2f       	mov	r30, r25
 4e4:	e0 61       	ori	r30, 0x10	; 16
 4e6:	be 2e       	mov	r11, r30
 4e8:	b4 fe       	sbrs	r11, 4
 4ea:	0d c0       	rjmp	.+26     	; 0x506 <__EEPROM_REGION_LENGTH__+0x106>
 4ec:	fb 2d       	mov	r31, r11
 4ee:	f4 60       	ori	r31, 0x04	; 4
 4f0:	bf 2e       	mov	r11, r31
 4f2:	09 c0       	rjmp	.+18     	; 0x506 <__EEPROM_REGION_LENGTH__+0x106>
 4f4:	34 fe       	sbrs	r3, 4
 4f6:	0a c0       	rjmp	.+20     	; 0x50c <__EEPROM_REGION_LENGTH__+0x10c>
 4f8:	29 2f       	mov	r18, r25
 4fa:	26 60       	ori	r18, 0x06	; 6
 4fc:	b2 2e       	mov	r11, r18
 4fe:	06 c0       	rjmp	.+12     	; 0x50c <__EEPROM_REGION_LENGTH__+0x10c>
 500:	28 e0       	ldi	r18, 0x08	; 8
 502:	30 e0       	ldi	r19, 0x00	; 0
 504:	05 c0       	rjmp	.+10     	; 0x510 <__EEPROM_REGION_LENGTH__+0x110>
 506:	20 e1       	ldi	r18, 0x10	; 16
 508:	30 e0       	ldi	r19, 0x00	; 0
 50a:	02 c0       	rjmp	.+4      	; 0x510 <__EEPROM_REGION_LENGTH__+0x110>
 50c:	20 e1       	ldi	r18, 0x10	; 16
 50e:	32 e0       	ldi	r19, 0x02	; 2
 510:	f8 01       	movw	r30, r16
 512:	b7 fe       	sbrs	r11, 7
 514:	07 c0       	rjmp	.+14     	; 0x524 <__EEPROM_REGION_LENGTH__+0x124>
 516:	60 81       	ld	r22, Z
 518:	71 81       	ldd	r23, Z+1	; 0x01
 51a:	82 81       	ldd	r24, Z+2	; 0x02
 51c:	93 81       	ldd	r25, Z+3	; 0x03
 51e:	0c 5f       	subi	r16, 0xFC	; 252
 520:	1f 4f       	sbci	r17, 0xFF	; 255
 522:	06 c0       	rjmp	.+12     	; 0x530 <__EEPROM_REGION_LENGTH__+0x130>
 524:	60 81       	ld	r22, Z
 526:	71 81       	ldd	r23, Z+1	; 0x01
 528:	80 e0       	ldi	r24, 0x00	; 0
 52a:	90 e0       	ldi	r25, 0x00	; 0
 52c:	0e 5f       	subi	r16, 0xFE	; 254
 52e:	1f 4f       	sbci	r17, 0xFF	; 255
 530:	a3 01       	movw	r20, r6
 532:	0e 94 7d 03 	call	0x6fa	; 0x6fa <__ultoa_invert>
 536:	88 2e       	mov	r8, r24
 538:	86 18       	sub	r8, r6
 53a:	fb 2d       	mov	r31, r11
 53c:	ff 77       	andi	r31, 0x7F	; 127
 53e:	3f 2e       	mov	r3, r31
 540:	36 fe       	sbrs	r3, 6
 542:	0d c0       	rjmp	.+26     	; 0x55e <__EEPROM_REGION_LENGTH__+0x15e>
 544:	23 2d       	mov	r18, r3
 546:	2e 7f       	andi	r18, 0xFE	; 254
 548:	a2 2e       	mov	r10, r18
 54a:	89 14       	cp	r8, r9
 54c:	58 f4       	brcc	.+22     	; 0x564 <__EEPROM_REGION_LENGTH__+0x164>
 54e:	34 fe       	sbrs	r3, 4
 550:	0b c0       	rjmp	.+22     	; 0x568 <__EEPROM_REGION_LENGTH__+0x168>
 552:	32 fc       	sbrc	r3, 2
 554:	09 c0       	rjmp	.+18     	; 0x568 <__EEPROM_REGION_LENGTH__+0x168>
 556:	83 2d       	mov	r24, r3
 558:	8e 7e       	andi	r24, 0xEE	; 238
 55a:	a8 2e       	mov	r10, r24
 55c:	05 c0       	rjmp	.+10     	; 0x568 <__EEPROM_REGION_LENGTH__+0x168>
 55e:	b8 2c       	mov	r11, r8
 560:	a3 2c       	mov	r10, r3
 562:	03 c0       	rjmp	.+6      	; 0x56a <__EEPROM_REGION_LENGTH__+0x16a>
 564:	b8 2c       	mov	r11, r8
 566:	01 c0       	rjmp	.+2      	; 0x56a <__EEPROM_REGION_LENGTH__+0x16a>
 568:	b9 2c       	mov	r11, r9
 56a:	a4 fe       	sbrs	r10, 4
 56c:	0f c0       	rjmp	.+30     	; 0x58c <__EEPROM_REGION_LENGTH__+0x18c>
 56e:	fe 01       	movw	r30, r28
 570:	e8 0d       	add	r30, r8
 572:	f1 1d       	adc	r31, r1
 574:	80 81       	ld	r24, Z
 576:	80 33       	cpi	r24, 0x30	; 48
 578:	21 f4       	brne	.+8      	; 0x582 <__EEPROM_REGION_LENGTH__+0x182>
 57a:	9a 2d       	mov	r25, r10
 57c:	99 7e       	andi	r25, 0xE9	; 233
 57e:	a9 2e       	mov	r10, r25
 580:	09 c0       	rjmp	.+18     	; 0x594 <__EEPROM_REGION_LENGTH__+0x194>
 582:	a2 fe       	sbrs	r10, 2
 584:	06 c0       	rjmp	.+12     	; 0x592 <__EEPROM_REGION_LENGTH__+0x192>
 586:	b3 94       	inc	r11
 588:	b3 94       	inc	r11
 58a:	04 c0       	rjmp	.+8      	; 0x594 <__EEPROM_REGION_LENGTH__+0x194>
 58c:	8a 2d       	mov	r24, r10
 58e:	86 78       	andi	r24, 0x86	; 134
 590:	09 f0       	breq	.+2      	; 0x594 <__EEPROM_REGION_LENGTH__+0x194>
 592:	b3 94       	inc	r11
 594:	a3 fc       	sbrc	r10, 3
 596:	11 c0       	rjmp	.+34     	; 0x5ba <__EEPROM_REGION_LENGTH__+0x1ba>
 598:	a0 fe       	sbrs	r10, 0
 59a:	06 c0       	rjmp	.+12     	; 0x5a8 <__EEPROM_REGION_LENGTH__+0x1a8>
 59c:	b2 14       	cp	r11, r2
 59e:	88 f4       	brcc	.+34     	; 0x5c2 <__EEPROM_REGION_LENGTH__+0x1c2>
 5a0:	28 0c       	add	r2, r8
 5a2:	92 2c       	mov	r9, r2
 5a4:	9b 18       	sub	r9, r11
 5a6:	0e c0       	rjmp	.+28     	; 0x5c4 <__EEPROM_REGION_LENGTH__+0x1c4>
 5a8:	b2 14       	cp	r11, r2
 5aa:	60 f4       	brcc	.+24     	; 0x5c4 <__EEPROM_REGION_LENGTH__+0x1c4>
 5ac:	b6 01       	movw	r22, r12
 5ae:	80 e2       	ldi	r24, 0x20	; 32
 5b0:	90 e0       	ldi	r25, 0x00	; 0
 5b2:	0e 94 41 03 	call	0x682	; 0x682 <fputc>
 5b6:	b3 94       	inc	r11
 5b8:	f7 cf       	rjmp	.-18     	; 0x5a8 <__EEPROM_REGION_LENGTH__+0x1a8>
 5ba:	b2 14       	cp	r11, r2
 5bc:	18 f4       	brcc	.+6      	; 0x5c4 <__EEPROM_REGION_LENGTH__+0x1c4>
 5be:	2b 18       	sub	r2, r11
 5c0:	02 c0       	rjmp	.+4      	; 0x5c6 <__EEPROM_REGION_LENGTH__+0x1c6>
 5c2:	98 2c       	mov	r9, r8
 5c4:	21 2c       	mov	r2, r1
 5c6:	a4 fe       	sbrs	r10, 4
 5c8:	10 c0       	rjmp	.+32     	; 0x5ea <__EEPROM_REGION_LENGTH__+0x1ea>
 5ca:	b6 01       	movw	r22, r12
 5cc:	80 e3       	ldi	r24, 0x30	; 48
 5ce:	90 e0       	ldi	r25, 0x00	; 0
 5d0:	0e 94 41 03 	call	0x682	; 0x682 <fputc>
 5d4:	a2 fe       	sbrs	r10, 2
 5d6:	17 c0       	rjmp	.+46     	; 0x606 <__EEPROM_REGION_LENGTH__+0x206>
 5d8:	a1 fc       	sbrc	r10, 1
 5da:	03 c0       	rjmp	.+6      	; 0x5e2 <__EEPROM_REGION_LENGTH__+0x1e2>
 5dc:	88 e7       	ldi	r24, 0x78	; 120
 5de:	90 e0       	ldi	r25, 0x00	; 0
 5e0:	02 c0       	rjmp	.+4      	; 0x5e6 <__EEPROM_REGION_LENGTH__+0x1e6>
 5e2:	88 e5       	ldi	r24, 0x58	; 88
 5e4:	90 e0       	ldi	r25, 0x00	; 0
 5e6:	b6 01       	movw	r22, r12
 5e8:	0c c0       	rjmp	.+24     	; 0x602 <__EEPROM_REGION_LENGTH__+0x202>
 5ea:	8a 2d       	mov	r24, r10
 5ec:	86 78       	andi	r24, 0x86	; 134
 5ee:	59 f0       	breq	.+22     	; 0x606 <__EEPROM_REGION_LENGTH__+0x206>
 5f0:	a1 fe       	sbrs	r10, 1
 5f2:	02 c0       	rjmp	.+4      	; 0x5f8 <__EEPROM_REGION_LENGTH__+0x1f8>
 5f4:	8b e2       	ldi	r24, 0x2B	; 43
 5f6:	01 c0       	rjmp	.+2      	; 0x5fa <__EEPROM_REGION_LENGTH__+0x1fa>
 5f8:	80 e2       	ldi	r24, 0x20	; 32
 5fa:	a7 fc       	sbrc	r10, 7
 5fc:	8d e2       	ldi	r24, 0x2D	; 45
 5fe:	b6 01       	movw	r22, r12
 600:	90 e0       	ldi	r25, 0x00	; 0
 602:	0e 94 41 03 	call	0x682	; 0x682 <fputc>
 606:	89 14       	cp	r8, r9
 608:	38 f4       	brcc	.+14     	; 0x618 <__EEPROM_REGION_LENGTH__+0x218>
 60a:	b6 01       	movw	r22, r12
 60c:	80 e3       	ldi	r24, 0x30	; 48
 60e:	90 e0       	ldi	r25, 0x00	; 0
 610:	0e 94 41 03 	call	0x682	; 0x682 <fputc>
 614:	9a 94       	dec	r9
 616:	f7 cf       	rjmp	.-18     	; 0x606 <__EEPROM_REGION_LENGTH__+0x206>
 618:	8a 94       	dec	r8
 61a:	f3 01       	movw	r30, r6
 61c:	e8 0d       	add	r30, r8
 61e:	f1 1d       	adc	r31, r1
 620:	80 81       	ld	r24, Z
 622:	b6 01       	movw	r22, r12
 624:	90 e0       	ldi	r25, 0x00	; 0
 626:	0e 94 41 03 	call	0x682	; 0x682 <fputc>
 62a:	81 10       	cpse	r8, r1
 62c:	f5 cf       	rjmp	.-22     	; 0x618 <__EEPROM_REGION_LENGTH__+0x218>
 62e:	22 20       	and	r2, r2
 630:	09 f4       	brne	.+2      	; 0x634 <__EEPROM_REGION_LENGTH__+0x234>
 632:	42 ce       	rjmp	.-892    	; 0x2b8 <vfprintf+0x24>
 634:	b6 01       	movw	r22, r12
 636:	80 e2       	ldi	r24, 0x20	; 32
 638:	90 e0       	ldi	r25, 0x00	; 0
 63a:	0e 94 41 03 	call	0x682	; 0x682 <fputc>
 63e:	2a 94       	dec	r2
 640:	f6 cf       	rjmp	.-20     	; 0x62e <__EEPROM_REGION_LENGTH__+0x22e>
 642:	f6 01       	movw	r30, r12
 644:	86 81       	ldd	r24, Z+6	; 0x06
 646:	97 81       	ldd	r25, Z+7	; 0x07
 648:	02 c0       	rjmp	.+4      	; 0x64e <__EEPROM_REGION_LENGTH__+0x24e>
 64a:	8f ef       	ldi	r24, 0xFF	; 255
 64c:	9f ef       	ldi	r25, 0xFF	; 255
 64e:	2b 96       	adiw	r28, 0x0b	; 11
 650:	e2 e1       	ldi	r30, 0x12	; 18
 652:	0c 94 f7 03 	jmp	0x7ee	; 0x7ee <__epilogue_restores__>

00000656 <strnlen_P>:
 656:	fc 01       	movw	r30, r24
 658:	05 90       	lpm	r0, Z+
 65a:	61 50       	subi	r22, 0x01	; 1
 65c:	70 40       	sbci	r23, 0x00	; 0
 65e:	01 10       	cpse	r0, r1
 660:	d8 f7       	brcc	.-10     	; 0x658 <strnlen_P+0x2>
 662:	80 95       	com	r24
 664:	90 95       	com	r25
 666:	8e 0f       	add	r24, r30
 668:	9f 1f       	adc	r25, r31
 66a:	08 95       	ret

0000066c <strnlen>:
 66c:	fc 01       	movw	r30, r24
 66e:	61 50       	subi	r22, 0x01	; 1
 670:	70 40       	sbci	r23, 0x00	; 0
 672:	01 90       	ld	r0, Z+
 674:	01 10       	cpse	r0, r1
 676:	d8 f7       	brcc	.-10     	; 0x66e <strnlen+0x2>
 678:	80 95       	com	r24
 67a:	90 95       	com	r25
 67c:	8e 0f       	add	r24, r30
 67e:	9f 1f       	adc	r25, r31
 680:	08 95       	ret

00000682 <fputc>:
 682:	0f 93       	push	r16
 684:	1f 93       	push	r17
 686:	cf 93       	push	r28
 688:	df 93       	push	r29
 68a:	fb 01       	movw	r30, r22
 68c:	23 81       	ldd	r18, Z+3	; 0x03
 68e:	21 fd       	sbrc	r18, 1
 690:	03 c0       	rjmp	.+6      	; 0x698 <fputc+0x16>
 692:	8f ef       	ldi	r24, 0xFF	; 255
 694:	9f ef       	ldi	r25, 0xFF	; 255
 696:	2c c0       	rjmp	.+88     	; 0x6f0 <fputc+0x6e>
 698:	22 ff       	sbrs	r18, 2
 69a:	16 c0       	rjmp	.+44     	; 0x6c8 <fputc+0x46>
 69c:	46 81       	ldd	r20, Z+6	; 0x06
 69e:	57 81       	ldd	r21, Z+7	; 0x07
 6a0:	24 81       	ldd	r18, Z+4	; 0x04
 6a2:	35 81       	ldd	r19, Z+5	; 0x05
 6a4:	42 17       	cp	r20, r18
 6a6:	53 07       	cpc	r21, r19
 6a8:	44 f4       	brge	.+16     	; 0x6ba <fputc+0x38>
 6aa:	a0 81       	ld	r26, Z
 6ac:	b1 81       	ldd	r27, Z+1	; 0x01
 6ae:	9d 01       	movw	r18, r26
 6b0:	2f 5f       	subi	r18, 0xFF	; 255
 6b2:	3f 4f       	sbci	r19, 0xFF	; 255
 6b4:	31 83       	std	Z+1, r19	; 0x01
 6b6:	20 83       	st	Z, r18
 6b8:	8c 93       	st	X, r24
 6ba:	26 81       	ldd	r18, Z+6	; 0x06
 6bc:	37 81       	ldd	r19, Z+7	; 0x07
 6be:	2f 5f       	subi	r18, 0xFF	; 255
 6c0:	3f 4f       	sbci	r19, 0xFF	; 255
 6c2:	37 83       	std	Z+7, r19	; 0x07
 6c4:	26 83       	std	Z+6, r18	; 0x06
 6c6:	14 c0       	rjmp	.+40     	; 0x6f0 <fputc+0x6e>
 6c8:	8b 01       	movw	r16, r22
 6ca:	ec 01       	movw	r28, r24
 6cc:	fb 01       	movw	r30, r22
 6ce:	00 84       	ldd	r0, Z+8	; 0x08
 6d0:	f1 85       	ldd	r31, Z+9	; 0x09
 6d2:	e0 2d       	mov	r30, r0
 6d4:	09 95       	icall
 6d6:	89 2b       	or	r24, r25
 6d8:	e1 f6       	brne	.-72     	; 0x692 <fputc+0x10>
 6da:	d8 01       	movw	r26, r16
 6dc:	16 96       	adiw	r26, 0x06	; 6
 6de:	8d 91       	ld	r24, X+
 6e0:	9c 91       	ld	r25, X
 6e2:	17 97       	sbiw	r26, 0x07	; 7
 6e4:	01 96       	adiw	r24, 0x01	; 1
 6e6:	17 96       	adiw	r26, 0x07	; 7
 6e8:	9c 93       	st	X, r25
 6ea:	8e 93       	st	-X, r24
 6ec:	16 97       	sbiw	r26, 0x06	; 6
 6ee:	ce 01       	movw	r24, r28
 6f0:	df 91       	pop	r29
 6f2:	cf 91       	pop	r28
 6f4:	1f 91       	pop	r17
 6f6:	0f 91       	pop	r16
 6f8:	08 95       	ret

000006fa <__ultoa_invert>:
 6fa:	fa 01       	movw	r30, r20
 6fc:	aa 27       	eor	r26, r26
 6fe:	28 30       	cpi	r18, 0x08	; 8
 700:	51 f1       	breq	.+84     	; 0x756 <__ultoa_invert+0x5c>
 702:	20 31       	cpi	r18, 0x10	; 16
 704:	81 f1       	breq	.+96     	; 0x766 <__ultoa_invert+0x6c>
 706:	e8 94       	clt
 708:	6f 93       	push	r22
 70a:	6e 7f       	andi	r22, 0xFE	; 254
 70c:	6e 5f       	subi	r22, 0xFE	; 254
 70e:	7f 4f       	sbci	r23, 0xFF	; 255
 710:	8f 4f       	sbci	r24, 0xFF	; 255
 712:	9f 4f       	sbci	r25, 0xFF	; 255
 714:	af 4f       	sbci	r26, 0xFF	; 255
 716:	b1 e0       	ldi	r27, 0x01	; 1
 718:	3e d0       	rcall	.+124    	; 0x796 <__ultoa_invert+0x9c>
 71a:	b4 e0       	ldi	r27, 0x04	; 4
 71c:	3c d0       	rcall	.+120    	; 0x796 <__ultoa_invert+0x9c>
 71e:	67 0f       	add	r22, r23
 720:	78 1f       	adc	r23, r24
 722:	89 1f       	adc	r24, r25
 724:	9a 1f       	adc	r25, r26
 726:	a1 1d       	adc	r26, r1
 728:	68 0f       	add	r22, r24
 72a:	79 1f       	adc	r23, r25
 72c:	8a 1f       	adc	r24, r26
 72e:	91 1d       	adc	r25, r1
 730:	a1 1d       	adc	r26, r1
 732:	6a 0f       	add	r22, r26
 734:	71 1d       	adc	r23, r1
 736:	81 1d       	adc	r24, r1
 738:	91 1d       	adc	r25, r1
 73a:	a1 1d       	adc	r26, r1
 73c:	20 d0       	rcall	.+64     	; 0x77e <__ultoa_invert+0x84>
 73e:	09 f4       	brne	.+2      	; 0x742 <__ultoa_invert+0x48>
 740:	68 94       	set
 742:	3f 91       	pop	r19
 744:	2a e0       	ldi	r18, 0x0A	; 10
 746:	26 9f       	mul	r18, r22
 748:	11 24       	eor	r1, r1
 74a:	30 19       	sub	r19, r0
 74c:	30 5d       	subi	r19, 0xD0	; 208
 74e:	31 93       	st	Z+, r19
 750:	de f6       	brtc	.-74     	; 0x708 <__ultoa_invert+0xe>
 752:	cf 01       	movw	r24, r30
 754:	08 95       	ret
 756:	46 2f       	mov	r20, r22
 758:	47 70       	andi	r20, 0x07	; 7
 75a:	40 5d       	subi	r20, 0xD0	; 208
 75c:	41 93       	st	Z+, r20
 75e:	b3 e0       	ldi	r27, 0x03	; 3
 760:	0f d0       	rcall	.+30     	; 0x780 <__ultoa_invert+0x86>
 762:	c9 f7       	brne	.-14     	; 0x756 <__ultoa_invert+0x5c>
 764:	f6 cf       	rjmp	.-20     	; 0x752 <__ultoa_invert+0x58>
 766:	46 2f       	mov	r20, r22
 768:	4f 70       	andi	r20, 0x0F	; 15
 76a:	40 5d       	subi	r20, 0xD0	; 208
 76c:	4a 33       	cpi	r20, 0x3A	; 58
 76e:	18 f0       	brcs	.+6      	; 0x776 <__ultoa_invert+0x7c>
 770:	49 5d       	subi	r20, 0xD9	; 217
 772:	31 fd       	sbrc	r19, 1
 774:	40 52       	subi	r20, 0x20	; 32
 776:	41 93       	st	Z+, r20
 778:	02 d0       	rcall	.+4      	; 0x77e <__ultoa_invert+0x84>
 77a:	a9 f7       	brne	.-22     	; 0x766 <__ultoa_invert+0x6c>
 77c:	ea cf       	rjmp	.-44     	; 0x752 <__ultoa_invert+0x58>
 77e:	b4 e0       	ldi	r27, 0x04	; 4
 780:	a6 95       	lsr	r26
 782:	97 95       	ror	r25
 784:	87 95       	ror	r24
 786:	77 95       	ror	r23
 788:	67 95       	ror	r22
 78a:	ba 95       	dec	r27
 78c:	c9 f7       	brne	.-14     	; 0x780 <__ultoa_invert+0x86>
 78e:	00 97       	sbiw	r24, 0x00	; 0
 790:	61 05       	cpc	r22, r1
 792:	71 05       	cpc	r23, r1
 794:	08 95       	ret
 796:	9b 01       	movw	r18, r22
 798:	ac 01       	movw	r20, r24
 79a:	0a 2e       	mov	r0, r26
 79c:	06 94       	lsr	r0
 79e:	57 95       	ror	r21
 7a0:	47 95       	ror	r20
 7a2:	37 95       	ror	r19
 7a4:	27 95       	ror	r18
 7a6:	ba 95       	dec	r27
 7a8:	c9 f7       	brne	.-14     	; 0x79c <__ultoa_invert+0xa2>
 7aa:	62 0f       	add	r22, r18
 7ac:	73 1f       	adc	r23, r19
 7ae:	84 1f       	adc	r24, r20
 7b0:	95 1f       	adc	r25, r21
 7b2:	a0 1d       	adc	r26, r0
 7b4:	08 95       	ret

000007b6 <__prologue_saves__>:
 7b6:	2f 92       	push	r2
 7b8:	3f 92       	push	r3
 7ba:	4f 92       	push	r4
 7bc:	5f 92       	push	r5
 7be:	6f 92       	push	r6
 7c0:	7f 92       	push	r7
 7c2:	8f 92       	push	r8
 7c4:	9f 92       	push	r9
 7c6:	af 92       	push	r10
 7c8:	bf 92       	push	r11
 7ca:	cf 92       	push	r12
 7cc:	df 92       	push	r13
 7ce:	ef 92       	push	r14
 7d0:	ff 92       	push	r15
 7d2:	0f 93       	push	r16
 7d4:	1f 93       	push	r17
 7d6:	cf 93       	push	r28
 7d8:	df 93       	push	r29
 7da:	cd b7       	in	r28, 0x3d	; 61
 7dc:	de b7       	in	r29, 0x3e	; 62
 7de:	ca 1b       	sub	r28, r26
 7e0:	db 0b       	sbc	r29, r27
 7e2:	0f b6       	in	r0, 0x3f	; 63
 7e4:	f8 94       	cli
 7e6:	de bf       	out	0x3e, r29	; 62
 7e8:	0f be       	out	0x3f, r0	; 63
 7ea:	cd bf       	out	0x3d, r28	; 61
 7ec:	09 94       	ijmp

000007ee <__epilogue_restores__>:
 7ee:	2a 88       	ldd	r2, Y+18	; 0x12
 7f0:	39 88       	ldd	r3, Y+17	; 0x11
 7f2:	48 88       	ldd	r4, Y+16	; 0x10
 7f4:	5f 84       	ldd	r5, Y+15	; 0x0f
 7f6:	6e 84       	ldd	r6, Y+14	; 0x0e
 7f8:	7d 84       	ldd	r7, Y+13	; 0x0d
 7fa:	8c 84       	ldd	r8, Y+12	; 0x0c
 7fc:	9b 84       	ldd	r9, Y+11	; 0x0b
 7fe:	aa 84       	ldd	r10, Y+10	; 0x0a
 800:	b9 84       	ldd	r11, Y+9	; 0x09
 802:	c8 84       	ldd	r12, Y+8	; 0x08
 804:	df 80       	ldd	r13, Y+7	; 0x07
 806:	ee 80       	ldd	r14, Y+6	; 0x06
 808:	fd 80       	ldd	r15, Y+5	; 0x05
 80a:	0c 81       	ldd	r16, Y+4	; 0x04
 80c:	1b 81       	ldd	r17, Y+3	; 0x03
 80e:	aa 81       	ldd	r26, Y+2	; 0x02
 810:	b9 81       	ldd	r27, Y+1	; 0x01
 812:	ce 0f       	add	r28, r30
 814:	d1 1d       	adc	r29, r1
 816:	0f b6       	in	r0, 0x3f	; 63
 818:	f8 94       	cli
 81a:	de bf       	out	0x3e, r29	; 62
 81c:	0f be       	out	0x3f, r0	; 63
 81e:	cd bf       	out	0x3d, r28	; 61
 820:	ed 01       	movw	r28, r26
 822:	08 95       	ret

00000824 <_exit>:
 824:	f8 94       	cli

00000826 <__stop_program>:
 826:	ff cf       	rjmp	.-2      	; 0x826 <__stop_program>
